0 info it worked if it ends with ok
1 verbose cli [ 'C:\\Program Files\\nodejs\\node.exe',
1 verbose cli   'C:\\Program Files\\nodejs\\node_modules\\npm\\bin\\npm-cli.js',
1 verbose cli   'install',
1 verbose cli   'heatmap' ]
2 info using npm@3.10.10
3 info using node@v6.10.3
4 silly loadCurrentTree Starting
5 silly install loadCurrentTree
6 silly install readLocalPackageData
7 silly fetchPackageMetaData heatmap
8 silly fetchNamedPackageData heatmap
9 silly mapToRegistry name heatmap
10 silly mapToRegistry using default registry
11 silly mapToRegistry registry https://registry.npmjs.org/
12 silly mapToRegistry data Result {
12 silly mapToRegistry   raw: 'heatmap',
12 silly mapToRegistry   scope: null,
12 silly mapToRegistry   escapedName: 'heatmap',
12 silly mapToRegistry   name: 'heatmap',
12 silly mapToRegistry   rawSpec: '',
12 silly mapToRegistry   spec: 'latest',
12 silly mapToRegistry   type: 'tag' }
13 silly mapToRegistry uri https://registry.npmjs.org/heatmap
14 verbose request uri https://registry.npmjs.org/heatmap
15 verbose request no auth needed
16 info attempt registry request try #1 at 10:26:30 AM
17 verbose request id 91df53eae29ab41a
18 http request GET https://registry.npmjs.org/heatmap
19 http 200 https://registry.npmjs.org/heatmap
20 verbose headers { server: 'nginx/1.10.1',
20 verbose headers   'content-type': 'application/json',
20 verbose headers   'last-modified': 'Tue, 16 Apr 2013 23:31:26 GMT',
20 verbose headers   etag: 'W/"516ddf4e-2069"',
20 verbose headers   'content-encoding': 'gzip',
20 verbose headers   'cache-control': 'max-age=300',
20 verbose headers   'content-length': '1856',
20 verbose headers   'accept-ranges': 'bytes',
20 verbose headers   date: 'Mon, 29 May 2017 07:26:30 GMT',
20 verbose headers   via: '1.1 varnish',
20 verbose headers   age: '0',
20 verbose headers   connection: 'keep-alive',
20 verbose headers   'x-served-by': 'cache-hhn1538-HHN',
20 verbose headers   'x-cache': 'MISS',
20 verbose headers   'x-cache-hits': '0',
20 verbose headers   'x-timer': 'S1496042791.696623,VS0,VE27',
20 verbose headers   vary: 'Accept-Encoding' }
21 silly get cb [ 200,
21 silly get   { server: 'nginx/1.10.1',
21 silly get     'content-type': 'application/json',
21 silly get     'last-modified': 'Tue, 16 Apr 2013 23:31:26 GMT',
21 silly get     etag: 'W/"516ddf4e-2069"',
21 silly get     'content-encoding': 'gzip',
21 silly get     'cache-control': 'max-age=300',
21 silly get     'content-length': '1856',
21 silly get     'accept-ranges': 'bytes',
21 silly get     date: 'Mon, 29 May 2017 07:26:30 GMT',
21 silly get     via: '1.1 varnish',
21 silly get     age: '0',
21 silly get     connection: 'keep-alive',
21 silly get     'x-served-by': 'cache-hhn1538-HHN',
21 silly get     'x-cache': 'MISS',
21 silly get     'x-cache-hits': '0',
21 silly get     'x-timer': 'S1496042791.696623,VS0,VE27',
21 silly get     vary: 'Accept-Encoding' } ]
22 verbose get saving heatmap to C:\Users\Sergiu\AppData\Roaming\npm-cache\registry.npmjs.org\heatmap\.cache.json
23 verbose correctMkdir C:\Users\Sergiu\AppData\Roaming\npm-cache correctMkdir not in flight; initializing
24 silly install normalizeTree
25 silly loadCurrentTree Finishing
26 silly loadIdealTree Starting
27 silly install loadIdealTree
28 silly cloneCurrentTree Starting
29 silly install cloneCurrentTreeToIdealTree
30 silly cloneCurrentTree Finishing
31 silly loadShrinkwrap Starting
32 silly install loadShrinkwrap
33 silly loadShrinkwrap Finishing
34 silly loadAllDepsIntoIdealTree Starting
35 silly install loadAllDepsIntoIdealTree
36 silly resolveWithNewModule heatmap@0.0.5 checking installable status
37 silly cache add args [ 'heatmap', null ]
38 verbose cache add spec heatmap
39 silly cache add parsed spec Result {
39 silly cache add   raw: 'heatmap',
39 silly cache add   scope: null,
39 silly cache add   escapedName: 'heatmap',
39 silly cache add   name: 'heatmap',
39 silly cache add   rawSpec: '',
39 silly cache add   spec: 'latest',
39 silly cache add   type: 'tag' }
40 silly addNamed heatmap@latest
41 verbose addNamed "latest" is being treated as a dist-tag for heatmap
42 info addNameTag [ 'heatmap', 'latest' ]
43 silly mapToRegistry name heatmap
44 silly mapToRegistry using default registry
45 silly mapToRegistry registry https://registry.npmjs.org/
46 silly mapToRegistry data Result {
46 silly mapToRegistry   raw: 'heatmap',
46 silly mapToRegistry   scope: null,
46 silly mapToRegistry   escapedName: 'heatmap',
46 silly mapToRegistry   name: 'heatmap',
46 silly mapToRegistry   rawSpec: '',
46 silly mapToRegistry   spec: 'latest',
46 silly mapToRegistry   type: 'tag' }
47 silly mapToRegistry uri https://registry.npmjs.org/heatmap
48 verbose addNameTag registry:https://registry.npmjs.org/heatmap not in flight; fetching
49 verbose get https://registry.npmjs.org/heatmap not expired, no request
50 silly addNameTag next cb for heatmap with tag latest
51 silly addNamed heatmap@0.0.5
52 verbose addNamed "0.0.5" is a plain semver version for heatmap
53 silly mapToRegistry name heatmap
54 silly mapToRegistry using default registry
55 silly mapToRegistry registry https://registry.npmjs.org/
56 silly mapToRegistry data Result {
56 silly mapToRegistry   raw: 'heatmap',
56 silly mapToRegistry   scope: null,
56 silly mapToRegistry   escapedName: 'heatmap',
56 silly mapToRegistry   name: 'heatmap',
56 silly mapToRegistry   rawSpec: '',
56 silly mapToRegistry   spec: 'latest',
56 silly mapToRegistry   type: 'tag' }
57 silly mapToRegistry uri https://registry.npmjs.org/heatmap
58 verbose addRemoteTarball https://registry.npmjs.org/heatmap/-/heatmap-0.0.5.tgz not in flight; adding
59 verbose addRemoteTarball [ 'https://registry.npmjs.org/heatmap/-/heatmap-0.0.5.tgz',
59 verbose addRemoteTarball   'de6aeda7f2e491a78eec5d26fba0bd3b79955097' ]
60 info retry fetch attempt 1 at 10:26:30 AM
61 info attempt registry request try #1 at 10:26:30 AM
62 http fetch GET https://registry.npmjs.org/heatmap/-/heatmap-0.0.5.tgz
63 http fetch 200 https://registry.npmjs.org/heatmap/-/heatmap-0.0.5.tgz
64 silly fetchAndShaCheck shasum de6aeda7f2e491a78eec5d26fba0bd3b79955097
65 verbose addTmpTarball C:\Users\Sergiu\AppData\Local\Temp\npm-1320-b6c84452\registry.npmjs.org\heatmap\-\heatmap-0.0.5.tgz not in flight; adding
66 verbose addTmpTarball already have metadata; skipping unpack for heatmap@0.0.5
67 verbose correctMkdir C:\Users\Sergiu\AppData\Roaming\npm-cache correctMkdir not in flight; initializing
68 silly cache afterAdd heatmap@0.0.5
69 verbose afterAdd C:\Users\Sergiu\AppData\Roaming\npm-cache\heatmap\0.0.5\package\package.json not in flight; writing
70 verbose correctMkdir C:\Users\Sergiu\AppData\Roaming\npm-cache correctMkdir not in flight; initializing
71 verbose afterAdd C:\Users\Sergiu\AppData\Roaming\npm-cache\heatmap\0.0.5\package\package.json written
72 silly fetchNamedPackageData color-convert
73 silly mapToRegistry name color-convert
74 silly mapToRegistry using default registry
75 silly mapToRegistry registry https://registry.npmjs.org/
76 silly mapToRegistry data Result {
76 silly mapToRegistry   raw: 'color-convert',
76 silly mapToRegistry   scope: null,
76 silly mapToRegistry   escapedName: 'color-convert',
76 silly mapToRegistry   name: 'color-convert',
76 silly mapToRegistry   rawSpec: '',
76 silly mapToRegistry   spec: 'latest',
76 silly mapToRegistry   type: 'tag' }
77 silly mapToRegistry uri https://registry.npmjs.org/color-convert
78 silly fetchNamedPackageData canvas
79 silly mapToRegistry name canvas
80 silly mapToRegistry using default registry
81 silly mapToRegistry registry https://registry.npmjs.org/
82 silly mapToRegistry data Result {
82 silly mapToRegistry   raw: 'canvas',
82 silly mapToRegistry   scope: null,
82 silly mapToRegistry   escapedName: 'canvas',
82 silly mapToRegistry   name: 'canvas',
82 silly mapToRegistry   rawSpec: '',
82 silly mapToRegistry   spec: 'latest',
82 silly mapToRegistry   type: 'tag' }
83 silly mapToRegistry uri https://registry.npmjs.org/canvas
84 verbose request uri https://registry.npmjs.org/canvas
85 verbose request no auth needed
86 info attempt registry request try #1 at 10:26:31 AM
87 http request GET https://registry.npmjs.org/canvas
88 verbose request uri https://registry.npmjs.org/color-convert
89 verbose request no auth needed
90 info attempt registry request try #1 at 10:26:31 AM
91 verbose etag W/"59186549-a0dd"
92 verbose lastModified Sun, 14 May 2017 14:10:17 GMT
93 http request GET https://registry.npmjs.org/color-convert
94 http 200 https://registry.npmjs.org/canvas
95 verbose headers { server: 'nginx/1.10.1',
95 verbose headers   'content-type': 'application/json',
95 verbose headers   'last-modified': 'Fri, 26 May 2017 18:11:36 GMT',
95 verbose headers   etag: 'W/"59286fd8-20d7f"',
95 verbose headers   'content-encoding': 'gzip',
95 verbose headers   'cache-control': 'max-age=300',
95 verbose headers   'content-length': '15784',
95 verbose headers   'accept-ranges': 'bytes',
95 verbose headers   date: 'Mon, 29 May 2017 07:26:31 GMT',
95 verbose headers   via: '1.1 varnish',
95 verbose headers   age: '111',
95 verbose headers   connection: 'keep-alive',
95 verbose headers   'x-served-by': 'cache-hhn1538-HHN',
95 verbose headers   'x-cache': 'HIT',
95 verbose headers   'x-cache-hits': '1',
95 verbose headers   'x-timer': 'S1496042791.217132,VS0,VE0',
95 verbose headers   vary: 'Accept-Encoding' }
96 silly get cb [ 200,
96 silly get   { server: 'nginx/1.10.1',
96 silly get     'content-type': 'application/json',
96 silly get     'last-modified': 'Fri, 26 May 2017 18:11:36 GMT',
96 silly get     etag: 'W/"59286fd8-20d7f"',
96 silly get     'content-encoding': 'gzip',
96 silly get     'cache-control': 'max-age=300',
96 silly get     'content-length': '15784',
96 silly get     'accept-ranges': 'bytes',
96 silly get     date: 'Mon, 29 May 2017 07:26:31 GMT',
96 silly get     via: '1.1 varnish',
96 silly get     age: '111',
96 silly get     connection: 'keep-alive',
96 silly get     'x-served-by': 'cache-hhn1538-HHN',
96 silly get     'x-cache': 'HIT',
96 silly get     'x-cache-hits': '1',
96 silly get     'x-timer': 'S1496042791.217132,VS0,VE0',
96 silly get     vary: 'Accept-Encoding' } ]
97 verbose get saving canvas to C:\Users\Sergiu\AppData\Roaming\npm-cache\registry.npmjs.org\canvas\.cache.json
98 verbose correctMkdir C:\Users\Sergiu\AppData\Roaming\npm-cache correctMkdir not in flight; initializing
99 silly resolveWithNewModule canvas@1.0.4 checking installable status
100 silly cache add args [ 'canvas@1.0.x', null ]
101 verbose cache add spec canvas@1.0.x
102 silly cache add parsed spec Result {
102 silly cache add   raw: 'canvas@1.0.x',
102 silly cache add   scope: null,
102 silly cache add   escapedName: 'canvas',
102 silly cache add   name: 'canvas',
102 silly cache add   rawSpec: '1.0.x',
102 silly cache add   spec: '>=1.0.0 <1.1.0',
102 silly cache add   type: 'range' }
103 silly addNamed canvas@>=1.0.0 <1.1.0
104 verbose addNamed ">=1.0.0 <1.1.0" is a valid semver range for canvas
105 silly addNameRange { name: 'canvas', range: '>=1.0.0 <1.1.0', hasData: false }
106 silly mapToRegistry name canvas
107 silly mapToRegistry using default registry
108 silly mapToRegistry registry https://registry.npmjs.org/
109 silly mapToRegistry data Result {
109 silly mapToRegistry   raw: 'canvas',
109 silly mapToRegistry   scope: null,
109 silly mapToRegistry   escapedName: 'canvas',
109 silly mapToRegistry   name: 'canvas',
109 silly mapToRegistry   rawSpec: '',
109 silly mapToRegistry   spec: 'latest',
109 silly mapToRegistry   type: 'tag' }
110 silly mapToRegistry uri https://registry.npmjs.org/canvas
111 verbose addNameRange registry:https://registry.npmjs.org/canvas not in flight; fetching
112 verbose get https://registry.npmjs.org/canvas not expired, no request
113 silly addNameRange number 2 { name: 'canvas', range: '>=1.0.0 <1.1.0', hasData: true }
114 silly addNameRange versions [ 'canvas',
114 silly addNameRange   [ '0.0.1',
114 silly addNameRange     '0.0.2',
114 silly addNameRange     '0.0.3',
114 silly addNameRange     '0.0.4',
114 silly addNameRange     '0.0.5',
114 silly addNameRange     '0.0.6',
114 silly addNameRange     '0.0.7',
114 silly addNameRange     '0.0.8',
114 silly addNameRange     '0.1.0',
114 silly addNameRange     '0.2.0',
114 silly addNameRange     '0.2.1',
114 silly addNameRange     '0.3.0',
114 silly addNameRange     '0.3.1',
114 silly addNameRange     '0.3.2',
114 silly addNameRange     '0.3.3',
114 silly addNameRange     '0.4.0',
114 silly addNameRange     '0.4.1',
114 silly addNameRange     '0.4.2',
114 silly addNameRange     '0.4.3',
114 silly addNameRange     '0.5.0',
114 silly addNameRange     '0.5.1',
114 silly addNameRange     '0.5.2',
114 silly addNameRange     '0.5.3',
114 silly addNameRange     '0.5.4',
114 silly addNameRange     '0.6.0',
114 silly addNameRange     '0.7.0',
114 silly addNameRange     '0.7.1',
114 silly addNameRange     '0.7.2',
114 silly addNameRange     '0.7.3',
114 silly addNameRange     '0.8.0',
114 silly addNameRange     '0.8.1',
114 silly addNameRange     '0.8.2',
114 silly addNameRange     '0.8.3',
114 silly addNameRange     '0.9.0',
114 silly addNameRange     '0.10.0',
114 silly addNameRange     '0.10.1',
114 silly addNameRange     '0.10.2',
114 silly addNameRange     '0.10.3',
114 silly addNameRange     '0.11.0',
114 silly addNameRange     '0.11.1',
114 silly addNameRange     '0.11.2',
114 silly addNameRange     '0.11.3',
114 silly addNameRange     '0.12.0',
114 silly addNameRange     '0.12.1',
114 silly addNameRange     '0.13.0',
114 silly addNameRange     '0.13.1',
114 silly addNameRange     '1.0.0',
114 silly addNameRange     '1.0.1',
114 silly addNameRange     '1.0.2',
114 silly addNameRange     '1.0.3',
114 silly addNameRange     '1.0.4',
114 silly addNameRange     '1.1.0',
114 silly addNameRange     '1.1.1',
114 silly addNameRange     '1.1.2',
114 silly addNameRange     '1.1.3',
114 silly addNameRange     '1.1.4',
114 silly addNameRange     '1.1.5',
114 silly addNameRange     '1.1.6',
114 silly addNameRange     '1.2.0',
114 silly addNameRange     '1.2.1',
114 silly addNameRange     '1.2.2',
114 silly addNameRange     '1.2.3',
114 silly addNameRange     '1.2.4',
114 silly addNameRange     '1.2.5',
114 silly addNameRange     '1.2.6',
114 silly addNameRange     '1.2.7',
114 silly addNameRange     '1.2.8',
114 silly addNameRange     '1.2.9',
114 silly addNameRange     '1.2.10',
114 silly addNameRange     '1.2.11',
114 silly addNameRange     '1.3.0',
114 silly addNameRange     '1.3.1',
114 silly addNameRange     '1.3.2',
114 silly addNameRange     '1.3.3',
114 silly addNameRange     '1.3.4',
114 silly addNameRange     '1.3.5',
114 silly addNameRange     '1.3.6',
114 silly addNameRange     '1.3.7',
114 silly addNameRange     '1.3.8',
114 silly addNameRange     '1.3.9',
114 silly addNameRange     '1.3.10',
114 silly addNameRange     '1.3.11',
114 silly addNameRange     '1.3.12',
114 silly addNameRange     '1.3.13',
114 silly addNameRange     '1.3.14',
114 silly addNameRange     '1.3.15',
114 silly addNameRange     '1.3.16',
114 silly addNameRange     '1.4.0',
114 silly addNameRange     '1.5.0',
114 silly addNameRange     '1.6.0',
114 silly addNameRange     '1.6.1',
114 silly addNameRange     '1.6.2',
114 silly addNameRange     '1.6.3',
114 silly addNameRange     '1.6.4',
114 silly addNameRange     '1.6.5',
114 silly addNameRange     '2.0.0-alpha.1',
114 silly addNameRange     '2.0.0-alpha.2' ] ]
115 silly addNamed canvas@1.0.4
116 verbose addNamed "1.0.4" is a plain semver version for canvas
117 http 304 https://registry.npmjs.org/color-convert
118 verbose headers { date: 'Mon, 29 May 2017 07:26:31 GMT',
118 verbose headers   via: '1.1 varnish',
118 verbose headers   'cache-control': 'max-age=300',
118 verbose headers   etag: 'W/"59186549-a0dd"',
118 verbose headers   age: '181',
118 verbose headers   connection: 'keep-alive',
118 verbose headers   'x-served-by': 'cache-hhn1547-HHN',
118 verbose headers   'x-cache': 'HIT',
118 verbose headers   'x-cache-hits': '1',
118 verbose headers   'x-timer': 'S1496042791.392794,VS0,VE0',
118 verbose headers   vary: 'Accept-Encoding' }
119 silly get cb [ 304,
119 silly get   { date: 'Mon, 29 May 2017 07:26:31 GMT',
119 silly get     via: '1.1 varnish',
119 silly get     'cache-control': 'max-age=300',
119 silly get     etag: 'W/"59186549-a0dd"',
119 silly get     age: '181',
119 silly get     connection: 'keep-alive',
119 silly get     'x-served-by': 'cache-hhn1547-HHN',
119 silly get     'x-cache': 'HIT',
119 silly get     'x-cache-hits': '1',
119 silly get     'x-timer': 'S1496042791.392794,VS0,VE0',
119 silly get     vary: 'Accept-Encoding' } ]
120 verbose etag https://registry.npmjs.org/color-convert from cache
121 verbose get saving color-convert to C:\Users\Sergiu\AppData\Roaming\npm-cache\registry.npmjs.org\color-convert\.cache.json
122 verbose correctMkdir C:\Users\Sergiu\AppData\Roaming\npm-cache correctMkdir not in flight; initializing
123 silly mapToRegistry name canvas
124 silly mapToRegistry using default registry
125 silly mapToRegistry registry https://registry.npmjs.org/
126 silly mapToRegistry data Result {
126 silly mapToRegistry   raw: 'canvas',
126 silly mapToRegistry   scope: null,
126 silly mapToRegistry   escapedName: 'canvas',
126 silly mapToRegistry   name: 'canvas',
126 silly mapToRegistry   rawSpec: '',
126 silly mapToRegistry   spec: 'latest',
126 silly mapToRegistry   type: 'tag' }
127 silly mapToRegistry uri https://registry.npmjs.org/canvas
128 verbose addRemoteTarball https://registry.npmjs.org/canvas/-/canvas-1.0.4.tgz not in flight; adding
129 verbose addRemoteTarball [ 'https://registry.npmjs.org/canvas/-/canvas-1.0.4.tgz',
129 verbose addRemoteTarball   'e17c9eef9e7ffc2df0d03e02761e5ef31d694c46' ]
130 info retry fetch attempt 1 at 10:26:31 AM
131 info attempt registry request try #1 at 10:26:31 AM
132 http fetch GET https://registry.npmjs.org/canvas/-/canvas-1.0.4.tgz
133 silly resolveWithNewModule color-convert@0.2.1 checking installable status
134 silly cache add args [ 'color-convert@0.2.x', null ]
135 verbose cache add spec color-convert@0.2.x
136 silly cache add parsed spec Result {
136 silly cache add   raw: 'color-convert@0.2.x',
136 silly cache add   scope: null,
136 silly cache add   escapedName: 'color-convert',
136 silly cache add   name: 'color-convert',
136 silly cache add   rawSpec: '0.2.x',
136 silly cache add   spec: '>=0.2.0 <0.3.0',
136 silly cache add   type: 'range' }
137 silly addNamed color-convert@>=0.2.0 <0.3.0
138 verbose addNamed ">=0.2.0 <0.3.0" is a valid semver range for color-convert
139 silly addNameRange { name: 'color-convert',
139 silly addNameRange   range: '>=0.2.0 <0.3.0',
139 silly addNameRange   hasData: false }
140 silly mapToRegistry name color-convert
141 silly mapToRegistry using default registry
142 silly mapToRegistry registry https://registry.npmjs.org/
143 silly mapToRegistry data Result {
143 silly mapToRegistry   raw: 'color-convert',
143 silly mapToRegistry   scope: null,
143 silly mapToRegistry   escapedName: 'color-convert',
143 silly mapToRegistry   name: 'color-convert',
143 silly mapToRegistry   rawSpec: '',
143 silly mapToRegistry   spec: 'latest',
143 silly mapToRegistry   type: 'tag' }
144 silly mapToRegistry uri https://registry.npmjs.org/color-convert
145 verbose addNameRange registry:https://registry.npmjs.org/color-convert not in flight; fetching
146 verbose get https://registry.npmjs.org/color-convert not expired, no request
147 silly addNameRange number 2 { name: 'color-convert', range: '>=0.2.0 <0.3.0', hasData: true }
148 silly addNameRange versions [ 'color-convert',
148 silly addNameRange   [ '0.1.0',
148 silly addNameRange     '0.2.0',
148 silly addNameRange     '0.2.1',
148 silly addNameRange     '0.3.0',
148 silly addNameRange     '0.3.1',
148 silly addNameRange     '0.3.4',
148 silly addNameRange     '0.4.0',
148 silly addNameRange     '0.5.0',
148 silly addNameRange     '0.5.1',
148 silly addNameRange     '0.5.2',
148 silly addNameRange     '0.5.3',
148 silly addNameRange     '0.6.0',
148 silly addNameRange     '0.7.0',
148 silly addNameRange     '1.0.0',
148 silly addNameRange     '1.1.0',
148 silly addNameRange     '1.1.1',
148 silly addNameRange     '1.1.2',
148 silly addNameRange     '1.2.0',
148 silly addNameRange     '1.2.1',
148 silly addNameRange     '1.2.2',
148 silly addNameRange     '1.3.0',
148 silly addNameRange     '1.3.1',
148 silly addNameRange     '1.4.0',
148 silly addNameRange     '1.5.0',
148 silly addNameRange     '1.6.0',
148 silly addNameRange     '1.7.0',
148 silly addNameRange     '1.8.0',
148 silly addNameRange     '1.8.1',
148 silly addNameRange     '1.8.2',
148 silly addNameRange     '1.9.0' ] ]
149 silly addNamed color-convert@0.2.1
150 verbose addNamed "0.2.1" is a plain semver version for color-convert
151 silly mapToRegistry name color-convert
152 silly mapToRegistry using default registry
153 silly mapToRegistry registry https://registry.npmjs.org/
154 silly mapToRegistry data Result {
154 silly mapToRegistry   raw: 'color-convert',
154 silly mapToRegistry   scope: null,
154 silly mapToRegistry   escapedName: 'color-convert',
154 silly mapToRegistry   name: 'color-convert',
154 silly mapToRegistry   rawSpec: '',
154 silly mapToRegistry   spec: 'latest',
154 silly mapToRegistry   type: 'tag' }
155 silly mapToRegistry uri https://registry.npmjs.org/color-convert
156 verbose addRemoteTarball https://registry.npmjs.org/color-convert/-/color-convert-0.2.1.tgz not in flight; adding
157 verbose addRemoteTarball [ 'https://registry.npmjs.org/color-convert/-/color-convert-0.2.1.tgz',
157 verbose addRemoteTarball   '363cab23c94b31a0d64db71048b8c6a940f8c68c' ]
158 info retry fetch attempt 1 at 10:26:31 AM
159 info attempt registry request try #1 at 10:26:31 AM
160 http fetch GET https://registry.npmjs.org/color-convert/-/color-convert-0.2.1.tgz
161 http fetch 200 https://registry.npmjs.org/canvas/-/canvas-1.0.4.tgz
162 http fetch 200 https://registry.npmjs.org/color-convert/-/color-convert-0.2.1.tgz
163 silly fetchAndShaCheck shasum e17c9eef9e7ffc2df0d03e02761e5ef31d694c46
164 verbose addTmpTarball C:\Users\Sergiu\AppData\Local\Temp\npm-1320-b6c84452\registry.npmjs.org\canvas\-\canvas-1.0.4.tgz not in flight; adding
165 verbose addTmpTarball already have metadata; skipping unpack for canvas@1.0.4
166 verbose correctMkdir C:\Users\Sergiu\AppData\Roaming\npm-cache correctMkdir not in flight; initializing
167 silly cache afterAdd canvas@1.0.4
168 verbose afterAdd C:\Users\Sergiu\AppData\Roaming\npm-cache\canvas\1.0.4\package\package.json not in flight; writing
169 verbose correctMkdir C:\Users\Sergiu\AppData\Roaming\npm-cache correctMkdir not in flight; initializing
170 verbose afterAdd C:\Users\Sergiu\AppData\Roaming\npm-cache\canvas\1.0.4\package\package.json written
171 silly fetchAndShaCheck shasum 363cab23c94b31a0d64db71048b8c6a940f8c68c
172 verbose addTmpTarball C:\Users\Sergiu\AppData\Local\Temp\npm-1320-b6c84452\registry.npmjs.org\color-convert\-\color-convert-0.2.1.tgz not in flight; adding
173 verbose addTmpTarball already have metadata; skipping unpack for color-convert@0.2.1
174 verbose correctMkdir C:\Users\Sergiu\AppData\Roaming\npm-cache correctMkdir not in flight; initializing
175 silly cache afterAdd color-convert@0.2.1
176 verbose afterAdd C:\Users\Sergiu\AppData\Roaming\npm-cache\color-convert\0.2.1\package\package.json not in flight; writing
177 verbose correctMkdir C:\Users\Sergiu\AppData\Roaming\npm-cache correctMkdir not in flight; initializing
178 verbose afterAdd C:\Users\Sergiu\AppData\Roaming\npm-cache\color-convert\0.2.1\package\package.json written
179 silly loadAllDepsIntoIdealTree Finishing
180 silly loadIdealTree Finishing
181 silly currentTree NepalEarthquake@1.0.0
181 silly currentTree +-- gmaps-heatmap@1.0.2
181 silly currentTree +-- google-maps@3.2.1
181 silly currentTree `-- heatmap.js@2.0.5
182 silly idealTree NepalEarthquake@1.0.0
182 silly idealTree +-- canvas@1.0.4
182 silly idealTree +-- color-convert@0.2.1
182 silly idealTree +-- gmaps-heatmap@1.0.2
182 silly idealTree +-- google-maps@3.2.1
182 silly idealTree +-- heatmap.js@2.0.5
182 silly idealTree `-- heatmap@0.0.5
183 silly generateActionsToTake Starting
184 silly install generateActionsToTake
185 silly generateActionsToTake Finishing
186 silly diffTrees action count 3
187 silly diffTrees add canvas@1.0.4
188 silly diffTrees add color-convert@0.2.1
189 silly diffTrees add heatmap@0.0.5
190 silly decomposeActions action count 24
191 silly decomposeActions fetch canvas@1.0.4
192 silly decomposeActions extract canvas@1.0.4
193 silly decomposeActions test canvas@1.0.4
194 silly decomposeActions preinstall canvas@1.0.4
195 silly decomposeActions build canvas@1.0.4
196 silly decomposeActions install canvas@1.0.4
197 silly decomposeActions postinstall canvas@1.0.4
198 silly decomposeActions finalize canvas@1.0.4
199 silly decomposeActions fetch color-convert@0.2.1
200 silly decomposeActions extract color-convert@0.2.1
201 silly decomposeActions test color-convert@0.2.1
202 silly decomposeActions preinstall color-convert@0.2.1
203 silly decomposeActions build color-convert@0.2.1
204 silly decomposeActions install color-convert@0.2.1
205 silly decomposeActions postinstall color-convert@0.2.1
206 silly decomposeActions finalize color-convert@0.2.1
207 silly decomposeActions fetch heatmap@0.0.5
208 silly decomposeActions extract heatmap@0.0.5
209 silly decomposeActions test heatmap@0.0.5
210 silly decomposeActions preinstall heatmap@0.0.5
211 silly decomposeActions build heatmap@0.0.5
212 silly decomposeActions install heatmap@0.0.5
213 silly decomposeActions postinstall heatmap@0.0.5
214 silly decomposeActions finalize heatmap@0.0.5
215 silly runTopLevelLifecycles Starting
216 silly executeActions Starting
217 silly install executeActions
218 silly doSerial global-install 0
219 silly doParallel fetch 3
220 verbose correctMkdir C:\Users\Sergiu\AppData\Roaming\npm-cache\_locks correctMkdir not in flight; initializing
221 verbose lock using C:\Users\Sergiu\AppData\Roaming\npm-cache\_locks\staging-39f843212b7584e2.lock for C:\Users\Sergiu\Desktop\Proiect-TW-NeDa-master\NepalEarthquake\node_modules\.staging
222 silly doParallel extract 3
223 silly extract canvas@1.0.4
224 silly extract color-convert@0.2.1
225 silly extract heatmap@0.0.5
226 verbose unbuild node_modules\.staging\canvas-f815b14f
227 verbose unbuild node_modules\.staging\heatmap-47540ac3
228 verbose unbuild node_modules\.staging\color-convert-ad92d7a1
229 silly gentlyRm C:\Users\Sergiu\Desktop\Proiect-TW-NeDa-master\NepalEarthquake\node_modules\.staging\canvas-f815b14f is being purged from base C:\Users\Sergiu\Desktop\Proiect-TW-NeDa-master\NepalEarthquake
230 verbose gentlyRm don't care about contents; nuking C:\Users\Sergiu\Desktop\Proiect-TW-NeDa-master\NepalEarthquake\node_modules\.staging\canvas-f815b14f
231 silly gentlyRm C:\Users\Sergiu\Desktop\Proiect-TW-NeDa-master\NepalEarthquake\node_modules\.staging\heatmap-47540ac3 is being purged from base C:\Users\Sergiu\Desktop\Proiect-TW-NeDa-master\NepalEarthquake
232 verbose gentlyRm don't care about contents; nuking C:\Users\Sergiu\Desktop\Proiect-TW-NeDa-master\NepalEarthquake\node_modules\.staging\heatmap-47540ac3
233 verbose tar unpack C:\Users\Sergiu\AppData\Roaming\npm-cache\canvas\1.0.4\package.tgz
234 verbose tar unpacking to C:\Users\Sergiu\Desktop\Proiect-TW-NeDa-master\NepalEarthquake\node_modules\.staging\canvas-f815b14f
235 silly gentlyRm C:\Users\Sergiu\Desktop\Proiect-TW-NeDa-master\NepalEarthquake\node_modules\.staging\canvas-f815b14f is being purged
236 verbose gentlyRm don't care about contents; nuking C:\Users\Sergiu\Desktop\Proiect-TW-NeDa-master\NepalEarthquake\node_modules\.staging\canvas-f815b14f
237 verbose tar unpack C:\Users\Sergiu\AppData\Roaming\npm-cache\heatmap\0.0.5\package.tgz
238 verbose tar unpacking to C:\Users\Sergiu\Desktop\Proiect-TW-NeDa-master\NepalEarthquake\node_modules\.staging\heatmap-47540ac3
239 silly gentlyRm C:\Users\Sergiu\Desktop\Proiect-TW-NeDa-master\NepalEarthquake\node_modules\.staging\heatmap-47540ac3 is being purged
240 verbose gentlyRm don't care about contents; nuking C:\Users\Sergiu\Desktop\Proiect-TW-NeDa-master\NepalEarthquake\node_modules\.staging\heatmap-47540ac3
241 silly gentlyRm C:\Users\Sergiu\Desktop\Proiect-TW-NeDa-master\NepalEarthquake\node_modules\.staging\color-convert-ad92d7a1 is being purged from base C:\Users\Sergiu\Desktop\Proiect-TW-NeDa-master\NepalEarthquake
242 verbose gentlyRm don't care about contents; nuking C:\Users\Sergiu\Desktop\Proiect-TW-NeDa-master\NepalEarthquake\node_modules\.staging\color-convert-ad92d7a1
243 silly gunzTarPerm modes [ '777', '666' ]
244 silly gunzTarPerm modes [ '777', '666' ]
245 verbose tar unpack C:\Users\Sergiu\AppData\Roaming\npm-cache\color-convert\0.2.1\package.tgz
246 verbose tar unpacking to C:\Users\Sergiu\Desktop\Proiect-TW-NeDa-master\NepalEarthquake\node_modules\.staging\color-convert-ad92d7a1
247 silly gentlyRm C:\Users\Sergiu\Desktop\Proiect-TW-NeDa-master\NepalEarthquake\node_modules\.staging\color-convert-ad92d7a1 is being purged
248 verbose gentlyRm don't care about contents; nuking C:\Users\Sergiu\Desktop\Proiect-TW-NeDa-master\NepalEarthquake\node_modules\.staging\color-convert-ad92d7a1
249 silly gunzTarPerm modes [ '777', '666' ]
250 silly gunzTarPerm extractEntry package.json
251 silly gunzTarPerm modified mode [ 'package.json', 420, 438 ]
252 silly gunzTarPerm extractEntry package.json
253 silly gunzTarPerm modified mode [ 'package.json', 420, 438 ]
254 silly gunzTarPerm extractEntry color-convert-0.2.0.js
255 silly gunzTarPerm modified mode [ 'color-convert-0.2.0.js', 420, 438 ]
256 silly gunzTarPerm extractEntry .npmignore
257 silly gunzTarPerm modified mode [ '.npmignore', 420, 438 ]
258 silly gunzTarPerm extractEntry index.js
259 silly gunzTarPerm modified mode [ 'index.js', 420, 438 ]
260 silly gunzTarPerm extractEntry index.js
261 silly gunzTarPerm modified mode [ 'index.js', 420, 438 ]
262 silly gunzTarPerm extractEntry example/blob.js
263 silly gunzTarPerm modified mode [ 'example/blob.js', 420, 438 ]
264 silly gunzTarPerm extractEntry install
265 silly gunzTarPerm modified mode [ 'install', 493, 511 ]
266 silly gunzTarPerm extractEntry History.md
267 silly gunzTarPerm modified mode [ 'History.md', 420, 438 ]
268 silly gunzTarPerm extractEntry color-convert-0.2.0.min.js
269 silly gunzTarPerm modified mode [ 'color-convert-0.2.0.min.js', 420, 438 ]
270 silly gunzTarPerm extractEntry example/web/server.js
271 silly gunzTarPerm modified mode [ 'example/web/server.js', 420, 438 ]
272 silly gunzTarPerm extractEntry example/web/main.js
273 silly gunzTarPerm modified mode [ 'example/web/main.js', 420, 438 ]
274 silly gunzTarPerm extractEntry .gitmodules
275 silly gunzTarPerm modified mode [ '.gitmodules', 420, 438 ]
276 silly gunzTarPerm extractEntry .travis.yml
277 silly gunzTarPerm modified mode [ '.travis.yml', 420, 438 ]
278 silly gunzTarPerm extractEntry lib/bindings.js
279 silly gunzTarPerm modified mode [ 'lib/bindings.js', 420, 438 ]
280 silly gunzTarPerm extractEntry lib/canvas.js
281 silly gunzTarPerm modified mode [ 'lib/canvas.js', 420, 438 ]
282 silly gunzTarPerm extractEntry lib/context2d.js
283 silly gunzTarPerm modified mode [ 'lib/context2d.js', 420, 438 ]
284 silly gunzTarPerm extractEntry lib/image.js
285 silly gunzTarPerm modified mode [ 'lib/image.js', 420, 438 ]
286 silly gunzTarPerm extractEntry lib/jpegstream.js
287 silly gunzTarPerm modified mode [ 'lib/jpegstream.js', 420, 438 ]
288 silly gunzTarPerm extractEntry lib/pixelarray.js
289 silly gunzTarPerm modified mode [ 'lib/pixelarray.js', 420, 438 ]
290 silly gunzTarPerm extractEntry lib/pngstream.js
291 silly gunzTarPerm modified mode [ 'lib/pngstream.js', 420, 438 ]
292 silly gunzTarPerm extractEntry Makefile
293 silly gunzTarPerm modified mode [ 'Makefile', 420, 438 ]
294 silly gunzTarPerm extractEntry binding.gyp
295 silly gunzTarPerm modified mode [ 'binding.gyp', 420, 438 ]
296 silly gunzTarPerm extractEntry Readme.md
297 silly gunzTarPerm modified mode [ 'Readme.md', 420, 438 ]
298 silly gunzTarPerm extractEntry src/FontFace.cc
299 silly gunzTarPerm modified mode [ 'src/FontFace.cc', 420, 438 ]
300 silly gunzTarPerm extractEntry src/Canvas.cc
301 silly gunzTarPerm modified mode [ 'src/Canvas.cc', 420, 438 ]
302 silly gunzTarPerm extractEntry src/CanvasGradient.cc
303 silly gunzTarPerm modified mode [ 'src/CanvasGradient.cc', 420, 438 ]
304 silly gunzTarPerm extractEntry src/CanvasGradient.h
305 silly gunzTarPerm modified mode [ 'src/CanvasGradient.h', 420, 438 ]
306 silly gunzTarPerm extractEntry src/CanvasPattern.cc
307 silly gunzTarPerm modified mode [ 'src/CanvasPattern.cc', 420, 438 ]
308 silly gunzTarPerm extractEntry src/CanvasPattern.h
309 silly gunzTarPerm modified mode [ 'src/CanvasPattern.h', 420, 438 ]
310 silly gunzTarPerm extractEntry src/CanvasRenderingContext2d.cc
311 silly gunzTarPerm modified mode [ 'src/CanvasRenderingContext2d.cc', 420, 438 ]
312 silly gunzTarPerm extractEntry src/CanvasRenderingContext2d.h
313 silly gunzTarPerm modified mode [ 'src/CanvasRenderingContext2d.h', 420, 438 ]
314 silly gunzTarPerm extractEntry src/closure.h
315 silly gunzTarPerm modified mode [ 'src/closure.h', 420, 438 ]
316 silly gunzTarPerm extractEntry src/color.cc
317 silly gunzTarPerm modified mode [ 'src/color.cc', 420, 438 ]
318 silly gunzTarPerm extractEntry src/color.h
319 silly gunzTarPerm modified mode [ 'src/color.h', 420, 438 ]
320 silly gunzTarPerm extractEntry src/Canvas.h
321 silly gunzTarPerm modified mode [ 'src/Canvas.h', 420, 438 ]
322 silly gunzTarPerm extractEntry src/FontFace.h
323 silly gunzTarPerm modified mode [ 'src/FontFace.h', 420, 438 ]
324 silly gunzTarPerm extractEntry src/Image.cc
325 silly gunzTarPerm modified mode [ 'src/Image.cc', 420, 438 ]
326 silly gunzTarPerm extractEntry src/Image.h
327 silly gunzTarPerm modified mode [ 'src/Image.h', 420, 438 ]
328 silly gunzTarPerm extractEntry src/ImageData.cc
329 silly gunzTarPerm modified mode [ 'src/ImageData.cc', 420, 438 ]
330 silly gunzTarPerm extractEntry src/ImageData.h
331 silly gunzTarPerm modified mode [ 'src/ImageData.h', 420, 438 ]
332 silly gunzTarPerm extractEntry src/init.cc
333 silly gunzTarPerm modified mode [ 'src/init.cc', 493, 511 ]
334 silly gunzTarPerm extractEntry src/JPEGStream.h
335 silly gunzTarPerm modified mode [ 'src/JPEGStream.h', 420, 438 ]
336 silly gunzTarPerm extractEntry src/nan.h
337 silly gunzTarPerm modified mode [ 'src/nan.h', 420, 438 ]
338 silly gunzTarPerm extractEntry src/PixelArray.cc
339 silly gunzTarPerm modified mode [ 'src/PixelArray.cc', 420, 438 ]
340 silly gunzTarPerm extractEntry src/PixelArray.h
341 silly gunzTarPerm modified mode [ 'src/PixelArray.h', 420, 438 ]
342 silly gunzTarPerm extractEntry src/Point.h
343 silly gunzTarPerm modified mode [ 'src/Point.h', 420, 438 ]
344 silly gunzTarPerm extractEntry util/cairo_include.sh
345 silly gunzTarPerm modified mode [ 'util/cairo_include.sh', 493, 511 ]
346 silly gunzTarPerm extractEntry util/has_cairo_freetype.sh
347 silly gunzTarPerm modified mode [ 'util/has_cairo_freetype.sh', 493, 511 ]
348 silly gunzTarPerm extractEntry util/has_lib.sh
349 silly gunzTarPerm modified mode [ 'util/has_lib.sh', 493, 511 ]
350 silly gunzTarPerm extractEntry util/lib_lookup.sh
351 silly gunzTarPerm modified mode [ 'util/lib_lookup.sh', 493, 511 ]
352 silly gunzTarPerm extractEntry conversions.js
353 silly gunzTarPerm modified mode [ 'conversions.js', 420, 438 ]
354 silly gunzTarPerm extractEntry index.js
355 silly gunzTarPerm modified mode [ 'index.js', 420, 438 ]
356 silly gunzTarPerm extractEntry Jakefile.js
357 silly gunzTarPerm modified mode [ 'Jakefile.js', 420, 438 ]
358 silly gunzTarPerm extractEntry example/web/index.html
359 silly gunzTarPerm modified mode [ 'example/web/index.html', 420, 438 ]
360 silly gunzTarPerm extractEntry README.markdown
361 silly gunzTarPerm modified mode [ 'README.markdown', 420, 438 ]
362 silly gunzTarPerm extractEntry package.json
363 silly gunzTarPerm modified mode [ 'package.json', 420, 438 ]
364 silly gunzTarPerm extractEntry README.md
365 silly gunzTarPerm modified mode [ 'README.md', 420, 438 ]
366 silly gunzTarPerm extractEntry test.hml
367 silly gunzTarPerm modified mode [ 'test.hml', 420, 438 ]
368 silly gunzTarPerm extractEntry test/basic.js
369 silly gunzTarPerm modified mode [ 'test/basic.js', 420, 438 ]
370 silly gentlyRm C:\Users\Sergiu\Desktop\Proiect-TW-NeDa-master\NepalEarthquake\node_modules\.staging\heatmap-47540ac3\node_modules is being purged
371 verbose gentlyRm don't care about contents; nuking C:\Users\Sergiu\Desktop\Proiect-TW-NeDa-master\NepalEarthquake\node_modules\.staging\heatmap-47540ac3\node_modules
372 silly gentlyRm C:\Users\Sergiu\Desktop\Proiect-TW-NeDa-master\NepalEarthquake\node_modules\.staging\color-convert-ad92d7a1\node_modules is being purged
373 verbose gentlyRm don't care about contents; nuking C:\Users\Sergiu\Desktop\Proiect-TW-NeDa-master\NepalEarthquake\node_modules\.staging\color-convert-ad92d7a1\node_modules
374 silly gentlyRm C:\Users\Sergiu\Desktop\Proiect-TW-NeDa-master\NepalEarthquake\node_modules\.staging\canvas-f815b14f\node_modules is being purged
375 verbose gentlyRm don't care about contents; nuking C:\Users\Sergiu\Desktop\Proiect-TW-NeDa-master\NepalEarthquake\node_modules\.staging\canvas-f815b14f\node_modules
376 silly doParallel preinstall 3
377 silly preinstall canvas@1.0.4 C:\Users\Sergiu\Desktop\Proiect-TW-NeDa-master\NepalEarthquake\node_modules\.staging\canvas-f815b14f
378 info lifecycle canvas@1.0.4~preinstall: canvas@1.0.4
379 silly preinstall color-convert@0.2.1 C:\Users\Sergiu\Desktop\Proiect-TW-NeDa-master\NepalEarthquake\node_modules\.staging\color-convert-ad92d7a1
380 info lifecycle color-convert@0.2.1~preinstall: color-convert@0.2.1
381 silly preinstall heatmap@0.0.5 C:\Users\Sergiu\Desktop\Proiect-TW-NeDa-master\NepalEarthquake\node_modules\.staging\heatmap-47540ac3
382 info lifecycle heatmap@0.0.5~preinstall: heatmap@0.0.5
383 silly lifecycle canvas@1.0.4~preinstall: no script for preinstall, continuing
384 silly lifecycle color-convert@0.2.1~preinstall: no script for preinstall, continuing
385 silly lifecycle heatmap@0.0.5~preinstall: no script for preinstall, continuing
386 silly doReverseSerial remove 0
387 silly doSerial move 0
388 silly doSerial finalize 3
389 silly finalize C:\Users\Sergiu\Desktop\Proiect-TW-NeDa-master\NepalEarthquake\node_modules\canvas
390 silly finalize C:\Users\Sergiu\Desktop\Proiect-TW-NeDa-master\NepalEarthquake\node_modules\color-convert
391 silly finalize C:\Users\Sergiu\Desktop\Proiect-TW-NeDa-master\NepalEarthquake\node_modules\heatmap
392 silly doSerial build 3
393 silly build canvas@1.0.4
394 info linkStuff canvas@1.0.4
395 silly linkStuff canvas@1.0.4 has C:\Users\Sergiu\Desktop\Proiect-TW-NeDa-master\NepalEarthquake\node_modules as its parent node_modules
396 verbose linkBins canvas@1.0.4
397 verbose linkMans canvas@1.0.4
398 silly build color-convert@0.2.1
399 info linkStuff color-convert@0.2.1
400 silly linkStuff color-convert@0.2.1 has C:\Users\Sergiu\Desktop\Proiect-TW-NeDa-master\NepalEarthquake\node_modules as its parent node_modules
401 verbose linkBins color-convert@0.2.1
402 verbose linkMans color-convert@0.2.1
403 silly build heatmap@0.0.5
404 info linkStuff heatmap@0.0.5
405 silly linkStuff heatmap@0.0.5 has C:\Users\Sergiu\Desktop\Proiect-TW-NeDa-master\NepalEarthquake\node_modules as its parent node_modules
406 verbose linkBins heatmap@0.0.5
407 verbose linkMans heatmap@0.0.5
408 silly doSerial global-link 0
409 silly doParallel update-linked 0
410 silly doSerial install 3
411 silly install canvas@1.0.4 C:\Users\Sergiu\Desktop\Proiect-TW-NeDa-master\NepalEarthquake\node_modules\.staging\canvas-f815b14f
412 info lifecycle canvas@1.0.4~install: canvas@1.0.4
413 verbose lifecycle canvas@1.0.4~install: unsafe-perm in lifecycle true
414 verbose lifecycle canvas@1.0.4~install: PATH: C:\Program Files\nodejs\node_modules\npm\bin\node-gyp-bin;C:\Users\Sergiu\Desktop\Proiect-TW-NeDa-master\NepalEarthquake\node_modules\canvas\node_modules\.bin;C:\Users\Sergiu\Desktop\Proiect-TW-NeDa-master\NepalEarthquake\node_modules\.bin;C:\oraclexe\app\oracle\product\11.2.0\server\bin;;C:\ProgramData\Oracle\Java\javapath;C:\Windows\system32;C:\Windows;C:\Windows\System32\Wbem;C:\Windows\System32\WindowsPowerShell\v1.0\;c:\Program Files\Microsoft SQL Server\100\Tools\Binn\;c:\Program Files\Microsoft SQL Server\100\DTS\Binn\;C:\Users\Sergiu\Downloads\k-distribution-4.0.0\k\bin;C:\Program Files\MiKTeX 2.9\miktex\bin\;C:\TDM-GCC-32\bin;C:\Program Files\Skype\Phone\;C:\php7;C:\instantclient_12_2;C:\Program Files\Java\jdk1.8.0_102\bin;C:\Program Files\nodejs\;C:\Program Files\Apache Software Foundation\apache-maven-3.3.9\bin;C:\Users\Sergiu\AppData\Roaming\npm
415 verbose lifecycle canvas@1.0.4~install: CWD: C:\Users\Sergiu\Desktop\Proiect-TW-NeDa-master\NepalEarthquake\node_modules\canvas
416 silly lifecycle canvas@1.0.4~install: Args: [ '/d /s /c', 'node-gyp rebuild' ]
417 silly lifecycle canvas@1.0.4~install: Returned: code: 1  signal: null
418 info lifecycle canvas@1.0.4~install: Failed to exec install script
419 verbose unlock done using C:\Users\Sergiu\AppData\Roaming\npm-cache\_locks\staging-39f843212b7584e2.lock for C:\Users\Sergiu\Desktop\Proiect-TW-NeDa-master\NepalEarthquake\node_modules\.staging
420 silly rollbackFailedOptional Starting
421 silly rollbackFailedOptional Finishing
422 silly runTopLevelLifecycles Finishing
423 silly install printInstalled
424 warn NepalEarthquake@1.0.0 No description
425 verbose If you need help, you may report this error at:
425 verbose     <https://github.com/npm/npm/issues>
426 warn NepalEarthquake@1.0.0 No repository field.
427 verbose If you need help, you may report this error at:
427 verbose     <https://github.com/npm/npm/issues>
428 verbose stack Error: canvas@1.0.4 install: `node-gyp rebuild`
428 verbose stack Exit status 1
428 verbose stack     at EventEmitter.<anonymous> (C:\Program Files\nodejs\node_modules\npm\lib\utils\lifecycle.js:255:16)
428 verbose stack     at emitTwo (events.js:106:13)
428 verbose stack     at EventEmitter.emit (events.js:191:7)
428 verbose stack     at ChildProcess.<anonymous> (C:\Program Files\nodejs\node_modules\npm\lib\utils\spawn.js:40:14)
428 verbose stack     at emitTwo (events.js:106:13)
428 verbose stack     at ChildProcess.emit (events.js:191:7)
428 verbose stack     at maybeClose (internal/child_process.js:886:16)
428 verbose stack     at Process.ChildProcess._handle.onexit (internal/child_process.js:226:5)
429 verbose pkgid canvas@1.0.4
430 verbose cwd C:\Users\Sergiu\Desktop\Proiect-TW-NeDa-master\NepalEarthquake
431 error Windows_NT 6.1.7601
432 error argv "C:\\Program Files\\nodejs\\node.exe" "C:\\Program Files\\nodejs\\node_modules\\npm\\bin\\npm-cli.js" "install" "heatmap"
433 error node v6.10.3
434 error npm  v3.10.10
435 error code ELIFECYCLE
436 error canvas@1.0.4 install: `node-gyp rebuild`
436 error Exit status 1
437 error Failed at the canvas@1.0.4 install script 'node-gyp rebuild'.
437 error Make sure you have the latest version of node.js and npm installed.
437 error If you do, this is most likely a problem with the canvas package,
437 error not with npm itself.
437 error Tell the author that this fails on your system:
437 error     node-gyp rebuild
437 error You can get information on how to open an issue for this project with:
437 error     npm bugs canvas
437 error Or if that isn't available, you can get their info via:
437 error     npm owner ls canvas
437 error There is likely additional logging output above.
438 verbose exit [ 1, true ]
